{"C:\\git\\nlw-1\\server\\src\\app.ts": {"path":"C:\\git\\nlw-1\\server\\src\\app.ts","statementMap":{"0":{"start":{"line":1,"column":0},"end":{"line":1,"column":26}},"1":{"start":{"line":2,"column":0},"end":{"line":2,"column":30}},"2":{"start":{"line":3,"column":0},"end":{"line":3,"column":24}},"3":{"start":{"line":4,"column":0},"end":{"line":4,"column":24}},"4":{"start":{"line":5,"column":0},"end":{"line":5,"column":35}},"5":{"start":{"line":7,"column":0},"end":{"line":7,"column":42}},"6":{"start":{"line":9,"column":0},"end":{"line":9,"column":53}},"7":{"start":{"line":10,"column":12},"end":{"line":10,"column":21}},"8":{"start":{"line":11,"column":0},"end":{"line":11,"column":16}},"9":{"start":{"line":12,"column":0},"end":{"line":12,"column":24}},"10":{"start":{"line":13,"column":0},"end":{"line":13,"column":18}},"11":{"start":{"line":15,"column":0},"end":{"line":15,"column":21}},"12":{"start":{"line":16,"column":0},"end":{"line":16,"column":22}},"13":{"start":{"line":18,"column":0},"end":{"line":18,"column":78}},"14":{"start":{"line":20,"column":0},"end":{"line":22,"column":3}},"15":{"start":{"line":21,"column":2},"end":{"line":21,"column":32}},"16":{"start":{"line":24,"column":0},"end":{"line":24,"column":19}}},"fnMap":{"0":{"name":"(anonymous_1)","decl":{"start":{"line":20,"column":13},"end":{"line":20,"column":14}},"loc":{"start":{"line":20,"column":26},"end":{"line":22,"column":1}}}},"branchMap":{},"s":{"0":3,"1":3,"2":3,"3":3,"4":3,"5":3,"6":3,"7":3,"8":3,"9":3,"10":3,"11":3,"12":3,"13":3,"14":3,"15":1,"16":3},"f":{"0":1},"b":{}}
,"C:\\git\\nlw-1\\server\\src\\config\\multer.ts": {"path":"C:\\git\\nlw-1\\server\\src\\config\\multer.ts","statementMap":{"0":{"start":{"line":1,"column":0},"end":{"line":1,"column":28}},"1":{"start":{"line":2,"column":0},"end":{"line":2,"column":24}},"2":{"start":{"line":3,"column":0},"end":{"line":3,"column":28}},"3":{"start":{"line":5,"column":0},"end":{"line":15,"column":2}},"4":{"start":{"line":9,"column":19},"end":{"line":9,"column":56}},"5":{"start":{"line":10,"column":23},"end":{"line":10,"column":53}},"6":{"start":{"line":12,"column":6},"end":{"line":12,"column":31}}},"fnMap":{"0":{"name":"(anonymous_1)","decl":{"start":{"line":8,"column":14},"end":{"line":8,"column":15}},"loc":{"start":{"line":8,"column":38},"end":{"line":13,"column":5}}}},"branchMap":{},"s":{"0":3,"1":3,"2":3,"3":3,"4":24,"5":24,"6":24},"f":{"0":24},"b":{}}
,"C:\\git\\nlw-1\\server\\src\\controllers\\Items\\index.ts": {"path":"C:\\git\\nlw-1\\server\\src\\controllers\\Items\\index.ts","statementMap":{"0":{"start":{"line":2,"column":0},"end":{"line":2,"column":52}},"1":{"start":{"line":7,"column":18},"end":{"line":7,"column":52}},"2":{"start":{"line":9,"column":28},"end":{"line":14,"column":6}},"3":{"start":{"line":10,"column":6},"end":{"line":12,"column":null}},"4":{"start":{"line":16,"column":4},"end":{"line":16,"column":30}},"5":{"start":{"line":20,"column":15},"end":{"line":20,"column":36}},"6":{"start":{"line":21,"column":17},"end":{"line":21,"column":52}},"7":{"start":{"line":22,"column":4},"end":{"line":22,"column":19}},"8":{"start":{"line":26,"column":17},"end":{"line":26,"column":33}},"9":{"start":{"line":27,"column":19},"end":{"line":27,"column":59}},"10":{"start":{"line":28,"column":23},"end":{"line":28,"column":47}},"11":{"start":{"line":29,"column":4},"end":{"line":29,"column":25}},"12":{"start":{"line":33,"column":17},"end":{"line":33,"column":25}},"13":{"start":{"line":34,"column":4},"end":{"line":34,"column":45}},"14":{"start":{"line":35,"column":4},"end":{"line":35,"column":24}},"15":{"start":{"line":39,"column":15},"end":{"line":39,"column":36}},"16":{"start":{"line":40,"column":4},"end":{"line":40,"column":43}},"17":{"start":{"line":41,"column":4},"end":{"line":41,"column":24}},"18":{"start":{"line":5,"column":0},"end":{"line":5,"column":13}}},"fnMap":{"0":{"name":"(anonymous_0)","decl":{"start":{"line":6,"column":2},"end":{"line":6,"column":8}},"loc":{"start":{"line":6,"column":48},"end":{"line":17,"column":3}}},"1":{"name":"(anonymous_1)","decl":{"start":{"line":9,"column":38},"end":{"line":9,"column":39}},"loc":{"start":{"line":9,"column":47},"end":{"line":14,"column":5}}},"2":{"name":"(anonymous_2)","decl":{"start":{"line":19,"column":2},"end":{"line":19,"column":8}},"loc":{"start":{"line":19,"column":47},"end":{"line":23,"column":3}}},"3":{"name":"(anonymous_3)","decl":{"start":{"line":25,"column":2},"end":{"line":25,"column":8}},"loc":{"start":{"line":25,"column":50},"end":{"line":30,"column":3}}},"4":{"name":"(anonymous_4)","decl":{"start":{"line":32,"column":2},"end":{"line":32,"column":8}},"loc":{"start":{"line":32,"column":48},"end":{"line":36,"column":3}}},"5":{"name":"(anonymous_5)","decl":{"start":{"line":38,"column":2},"end":{"line":38,"column":8}},"loc":{"start":{"line":38,"column":49},"end":{"line":42,"column":3}}}},"branchMap":{},"s":{"0":3,"1":1,"2":1,"3":1,"4":1,"5":1,"6":1,"7":1,"8":1,"9":1,"10":1,"11":1,"12":1,"13":1,"14":1,"15":1,"16":1,"17":1,"18":3},"f":{"0":1,"1":1,"2":1,"3":1,"4":1,"5":1},"b":{}}
,"C:\\git\\nlw-1\\server\\src\\controllers\\Points\\index.ts": {"path":"C:\\git\\nlw-1\\server\\src\\controllers\\Points\\index.ts","statementMap":{"0":{"start":{"line":2,"column":0},"end":{"line":2,"column":43}},"1":{"start":{"line":4,"column":0},"end":{"line":4,"column":70}},"2":{"start":{"line":5,"column":0},"end":{"line":5,"column":52}},"3":{"start":{"line":10,"column":32},"end":{"line":10,"column":41}},"4":{"start":{"line":12,"column":24},"end":{"line":14,"column":41}},"5":{"start":{"line":14,"column":21},"end":{"line":14,"column":40}},"6":{"start":{"line":16,"column":19},"end":{"line":16,"column":54}},"7":{"start":{"line":18,"column":29},"end":{"line":23,"column":6}},"8":{"start":{"line":19,"column":6},"end":{"line":21,"column":null}},"9":{"start":{"line":25,"column":4},"end":{"line":25,"column":31}},"10":{"start":{"line":29,"column":15},"end":{"line":29,"column":36}},"11":{"start":{"line":30,"column":18},"end":{"line":30,"column":54}},"12":{"start":{"line":32,"column":4},"end":{"line":32,"column":77}},"13":{"start":{"line":32,"column":16},"end":{"line":32,"column":77}},"14":{"start":{"line":34,"column":25},"end":{"line":36,"column":null}},"15":{"start":{"line":39,"column":4},"end":{"line":39,"column":30}},"16":{"start":{"line":43,"column":4},"end":{"line":80,"column":null}},"17":{"start":{"line":44,"column":23},"end":{"line":44,"column":26}},"18":{"start":{"line":45,"column":23},"end":{"line":45,"column":40}},"19":{"start":{"line":46,"column":6},"end":{"line":46,"column":24}},"20":{"start":{"line":48,"column":25},"end":{"line":48,"column":52}},"21":{"start":{"line":49,"column":26},"end":{"line":49,"column":28}},"22":{"start":{"line":51,"column":6},"end":{"line":55,"column":null}},"23":{"start":{"line":52,"column":22},"end":{"line":52,"column":41}},"24":{"start":{"line":53,"column":8},"end":{"line":54,"column":36}},"25":{"start":{"line":54,"column":10},"end":{"line":54,"column":36}},"26":{"start":{"line":57,"column":6},"end":{"line":58,"column":74}},"27":{"start":{"line":58,"column":8},"end":{"line":58,"column":74}},"28":{"start":{"line":60,"column":30},"end":{"line":60,"column":51}},"29":{"start":{"line":61,"column":26},"end":{"line":61,"column":28}},"30":{"start":{"line":63,"column":6},"end":{"line":66,"column":null}},"31":{"start":{"line":64,"column":21},"end":{"line":64,"column":54}},"32":{"start":{"line":65,"column":8},"end":{"line":65,"column":25}},"33":{"start":{"line":68,"column":15},"end":{"line":71,"column":null}},"34":{"start":{"line":74,"column":21},"end":{"line":74,"column":63}},"35":{"start":{"line":76,"column":25},"end":{"line":76,"column":34}},"36":{"start":{"line":77,"column":6},"end":{"line":77,"column":27}},"37":{"start":{"line":79,"column":6},"end":{"line":79,"column":40}},"38":{"start":{"line":84,"column":21},"end":{"line":84,"column":24}},"39":{"start":{"line":85,"column":21},"end":{"line":85,"column":31}},"40":{"start":{"line":86,"column":4},"end":{"line":86,"column":22}},"41":{"start":{"line":88,"column":24},"end":{"line":90,"column":41}},"42":{"start":{"line":90,"column":21},"end":{"line":90,"column":40}},"43":{"start":{"line":92,"column":28},"end":{"line":92,"column":49}},"44":{"start":{"line":93,"column":24},"end":{"line":93,"column":26}},"45":{"start":{"line":95,"column":4},"end":{"line":98,"column":null}},"46":{"start":{"line":96,"column":19},"end":{"line":96,"column":52}},"47":{"start":{"line":97,"column":6},"end":{"line":97,"column":23}},"48":{"start":{"line":100,"column":13},"end":{"line":103,"column":null}},"49":{"start":{"line":106,"column":4},"end":{"line":106,"column":47}},"50":{"start":{"line":108,"column":4},"end":{"line":108,"column":24}},"51":{"start":{"line":112,"column":15},"end":{"line":112,"column":36}},"52":{"start":{"line":113,"column":4},"end":{"line":113,"column":44}},"53":{"start":{"line":115,"column":4},"end":{"line":115,"column":24}},"54":{"start":{"line":119,"column":4},"end":{"line":171,"column":6}},"55":{"start":{"line":175,"column":4},"end":{"line":232,"column":6}},"56":{"start":{"line":8,"column":0},"end":{"line":8,"column":13}}},"fnMap":{"0":{"name":"(anonymous_0)","decl":{"start":{"line":9,"column":2},"end":{"line":9,"column":8}},"loc":{"start":{"line":9,"column":48},"end":{"line":26,"column":3}}},"1":{"name":"(anonymous_1)","decl":{"start":{"line":14,"column":11},"end":{"line":14,"column":12}},"loc":{"start":{"line":14,"column":21},"end":{"line":14,"column":40}}},"2":{"name":"(anonymous_2)","decl":{"start":{"line":18,"column":40},"end":{"line":18,"column":41}},"loc":{"start":{"line":18,"column":50},"end":{"line":23,"column":5}}},"3":{"name":"(anonymous_3)","decl":{"start":{"line":28,"column":2},"end":{"line":28,"column":8}},"loc":{"start":{"line":28,"column":37},"end":{"line":40,"column":3}}},"4":{"name":"(anonymous_4)","decl":{"start":{"line":42,"column":2},"end":{"line":42,"column":8}},"loc":{"start":{"line":42,"column":50},"end":{"line":81,"column":3}}},"5":{"name":"(anonymous_5)","decl":{"start":{"line":83,"column":2},"end":{"line":83,"column":8}},"loc":{"start":{"line":83,"column":48},"end":{"line":109,"column":3}}},"6":{"name":"(anonymous_6)","decl":{"start":{"line":90,"column":11},"end":{"line":90,"column":12}},"loc":{"start":{"line":90,"column":21},"end":{"line":90,"column":40}}},"7":{"name":"(anonymous_7)","decl":{"start":{"line":111,"column":2},"end":{"line":111,"column":8}},"loc":{"start":{"line":111,"column":50},"end":{"line":116,"column":3}}},"8":{"name":"(anonymous_8)","decl":{"start":{"line":118,"column":2},"end":{"line":118,"column":8}},"loc":{"start":{"line":118,"column":26},"end":{"line":172,"column":3}}},"9":{"name":"(anonymous_9)","decl":{"start":{"line":174,"column":2},"end":{"line":174,"column":8}},"loc":{"start":{"line":174,"column":24},"end":{"line":233,"column":3}}}},"branchMap":{"0":{"loc":{"start":{"line":32,"column":4},"end":{"line":32,"column":77}},"type":"if","locations":[{"start":{"line":32,"column":4},"end":{"line":32,"column":77}},{"start":{"line":32,"column":4},"end":{"line":32,"column":77}}]},"1":{"loc":{"start":{"line":53,"column":8},"end":{"line":54,"column":36}},"type":"if","locations":[{"start":{"line":53,"column":8},"end":{"line":54,"column":36}},{"start":{"line":53,"column":8},"end":{"line":54,"column":36}}]},"2":{"loc":{"start":{"line":53,"column":12},"end":{"line":53,"column":32}},"type":"binary-expr","locations":[{"start":{"line":53,"column":12},"end":{"line":53,"column":32}},{"start":{"line":53,"column":36},"end":{"line":53,"column":54}}]},"3":{"loc":{"start":{"line":57,"column":6},"end":{"line":58,"column":74}},"type":"if","locations":[{"start":{"line":57,"column":6},"end":{"line":58,"column":74}},{"start":{"line":57,"column":6},"end":{"line":58,"column":74}}]}},"s":{"0":3,"1":3,"2":3,"3":1,"4":1,"5":3,"6":1,"7":1,"8":1,"9":1,"10":3,"11":3,"12":3,"13":1,"14":2,"15":2,"16":2,"17":2,"18":2,"19":2,"20":2,"21":2,"22":2,"23":4,"24":4,"25":3,"26":2,"27":1,"28":1,"29":1,"30":1,"31":3,"32":3,"33":1,"34":1,"35":1,"36":1,"37":1,"38":1,"39":1,"40":1,"41":1,"42":3,"43":1,"44":1,"45":1,"46":3,"47":3,"48":1,"49":1,"50":1,"51":1,"52":1,"53":1,"54":3,"55":3,"56":3},"f":{"0":1,"1":3,"2":1,"3":3,"4":2,"5":1,"6":3,"7":1,"8":3,"9":3},"b":{"0":[1,2],"1":[3,1],"2":[4,4],"3":[1,1]}}
,"C:\\git\\nlw-1\\server\\src\\database\\connection.ts": {"path":"C:\\git\\nlw-1\\server\\src\\database\\connection.ts","statementMap":{"0":{"start":{"line":1,"column":0},"end":{"line":1,"column":58}},"1":{"start":{"line":3,"column":19},"end":{"line":18,"column":2}},"2":{"start":{"line":5,"column":4},"end":{"line":12,"column":7}},"3":{"start":{"line":16,"column":4},"end":{"line":16,"column":34}},"4":{"start":{"line":19,"column":0},"end":{"line":19,"column":26}}},"fnMap":{"0":{"name":"(anonymous_0)","decl":{"start":{"line":4,"column":2},"end":{"line":4,"column":7}},"loc":{"start":{"line":4,"column":14},"end":{"line":13,"column":3}}},"1":{"name":"(anonymous_1)","decl":{"start":{"line":15,"column":2},"end":{"line":15,"column":7}},"loc":{"start":{"line":15,"column":13},"end":{"line":17,"column":3}}}},"branchMap":{},"s":{"0":2,"1":2,"2":2,"3":2,"4":2},"f":{"0":2,"1":2},"b":{}}
,"C:\\git\\nlw-1\\server\\src\\database\\seeds\\ItemsSeed.ts": {"path":"C:\\git\\nlw-1\\server\\src\\database\\seeds\\ItemsSeed.ts","statementMap":{"0":{"start":{"line":1,"column":13},"end":{"line":26,"column":null}}},"fnMap":{},"branchMap":{},"s":{"0":1},"f":{},"b":{}}
,"C:\\git\\nlw-1\\server\\src\\entities\\Item.ts": {"path":"C:\\git\\nlw-1\\server\\src\\entities\\Item.ts","statementMap":{"0":{"start":{"line":1,"column":0},"end":{"line":1,"column":65}},"1":{"start":{"line":4,"column":0},"end":{"line":13,"column":null}},"2":{"start":{"line":6,"column":4},"end":{"line":6,"column":null}},"3":{"start":{"line":9,"column":4},"end":{"line":9,"column":null}},"4":{"start":{"line":12,"column":4},"end":{"line":12,"column":null}},"5":{"start":{"line":4,"column":13},"end":{"line":13,"column":null}},"6":{"start":{"line":4,"column":13},"end":{"line":4,"column":17}}},"fnMap":{},"branchMap":{},"s":{"0":3,"1":3,"2":3,"3":3,"4":3,"5":3,"6":3},"f":{},"b":{}}
,"C:\\git\\nlw-1\\server\\src\\entities\\Point.ts": {"path":"C:\\git\\nlw-1\\server\\src\\entities\\Point.ts","statementMap":{"0":{"start":{"line":1,"column":0},"end":{"line":1,"column":88}},"1":{"start":{"line":2,"column":0},"end":{"line":2,"column":30}},"2":{"start":{"line":5,"column":0},"end":{"line":38,"column":null}},"3":{"start":{"line":7,"column":4},"end":{"line":7,"column":null}},"4":{"start":{"line":10,"column":4},"end":{"line":10,"column":null}},"5":{"start":{"line":13,"column":4},"end":{"line":13,"column":null}},"6":{"start":{"line":16,"column":4},"end":{"line":16,"column":null}},"7":{"start":{"line":19,"column":4},"end":{"line":19,"column":null}},"8":{"start":{"line":22,"column":4},"end":{"line":22,"column":null}},"9":{"start":{"line":25,"column":4},"end":{"line":25,"column":null}},"10":{"start":{"line":28,"column":4},"end":{"line":28,"column":null}},"11":{"start":{"line":31,"column":4},"end":{"line":31,"column":null}},"12":{"start":{"line":37,"column":4},"end":{"line":37,"column":null}},"13":{"start":{"line":33,"column":24},"end":{"line":33,"column":28}},"14":{"start":{"line":5,"column":13},"end":{"line":38,"column":null}},"15":{"start":{"line":5,"column":13},"end":{"line":5,"column":18}}},"fnMap":{"0":{"name":"(anonymous_2)","decl":{"start":{"line":33,"column":16},"end":{"line":33,"column":20}},"loc":{"start":{"line":33,"column":24},"end":{"line":33,"column":28}}}},"branchMap":{},"s":{"0":3,"1":3,"2":3,"3":3,"4":3,"5":3,"6":3,"7":3,"8":3,"9":3,"10":3,"11":3,"12":3,"13":2,"14":3,"15":3},"f":{"0":2},"b":{}}
,"C:\\git\\nlw-1\\server\\src\\repositories\\ItemsRepository.ts": {"path":"C:\\git\\nlw-1\\server\\src\\repositories\\ItemsRepository.ts","statementMap":{"0":{"start":{"line":1,"column":0},"end":{"line":1,"column":38}},"1":{"start":{"line":2,"column":0},"end":{"line":2,"column":37}},"2":{"start":{"line":5,"column":2},"end":{"line":5,"column":48}},"3":{"start":{"line":8,"column":4},"end":{"line":8,"column":40}},"4":{"start":{"line":12,"column":4},"end":{"line":12,"column":45}},"5":{"start":{"line":16,"column":4},"end":{"line":16,"column":40}},"6":{"start":{"line":20,"column":4},"end":{"line":20,"column":55}},"7":{"start":{"line":24,"column":4},"end":{"line":24,"column":44}},"8":{"start":{"line":4,"column":0},"end":{"line":4,"column":13}}},"fnMap":{"0":{"name":"(anonymous_0)","decl":{"start":{"line":4,"column":0},"end":{"line":4,"column":13}},"loc":{"start":{"line":4,"column":0},"end":{"line":26,"column":1}}},"1":{"name":"(anonymous_1)","decl":{"start":{"line":7,"column":2},"end":{"line":7,"column":7}},"loc":{"start":{"line":7,"column":12},"end":{"line":9,"column":3}}},"2":{"name":"(anonymous_2)","decl":{"start":{"line":11,"column":2},"end":{"line":11,"column":7}},"loc":{"start":{"line":11,"column":23},"end":{"line":13,"column":3}}},"3":{"name":"(anonymous_3)","decl":{"start":{"line":15,"column":2},"end":{"line":15,"column":7}},"loc":{"start":{"line":15,"column":26},"end":{"line":17,"column":3}}},"4":{"name":"(anonymous_4)","decl":{"start":{"line":19,"column":2},"end":{"line":19,"column":7}},"loc":{"start":{"line":19,"column":26},"end":{"line":21,"column":3}}},"5":{"name":"(anonymous_5)","decl":{"start":{"line":23,"column":2},"end":{"line":23,"column":7}},"loc":{"start":{"line":23,"column":26},"end":{"line":25,"column":3}}}},"branchMap":{},"s":{"0":3,"1":3,"2":7,"3":1,"4":7,"5":1,"6":1,"7":1,"8":3},"f":{"0":7,"1":1,"2":7,"3":1,"4":1,"5":1},"b":{}}
,"C:\\git\\nlw-1\\server\\src\\repositories\\PointsRepository.ts": {"path":"C:\\git\\nlw-1\\server\\src\\repositories\\PointsRepository.ts","statementMap":{"0":{"start":{"line":1,"column":0},"end":{"line":1,"column":40}},"1":{"start":{"line":2,"column":0},"end":{"line":2,"column":37}},"2":{"start":{"line":5,"column":2},"end":{"line":5,"column":49}},"3":{"start":{"line":8,"column":4},"end":{"line":8,"column":40}},"4":{"start":{"line":12,"column":4},"end":{"line":16,"column":16}},"5":{"start":{"line":20,"column":4},"end":{"line":20,"column":45}},"6":{"start":{"line":24,"column":4},"end":{"line":24,"column":45}},"7":{"start":{"line":28,"column":4},"end":{"line":28,"column":44}},"8":{"start":{"line":4,"column":0},"end":{"line":4,"column":13}}},"fnMap":{"0":{"name":"(anonymous_0)","decl":{"start":{"line":4,"column":0},"end":{"line":4,"column":13}},"loc":{"start":{"line":4,"column":0},"end":{"line":30,"column":1}}},"1":{"name":"(anonymous_1)","decl":{"start":{"line":7,"column":2},"end":{"line":7,"column":7}},"loc":{"start":{"line":7,"column":12},"end":{"line":9,"column":3}}},"2":{"name":"(anonymous_2)","decl":{"start":{"line":11,"column":2},"end":{"line":11,"column":7}},"loc":{"start":{"line":11,"column":23},"end":{"line":17,"column":3}}},"3":{"name":"(anonymous_3)","decl":{"start":{"line":19,"column":2},"end":{"line":19,"column":7}},"loc":{"start":{"line":19,"column":28},"end":{"line":21,"column":3}}},"4":{"name":"(anonymous_4)","decl":{"start":{"line":23,"column":2},"end":{"line":23,"column":7}},"loc":{"start":{"line":23,"column":28},"end":{"line":25,"column":3}}},"5":{"name":"(anonymous_5)","decl":{"start":{"line":27,"column":2},"end":{"line":27,"column":7}},"loc":{"start":{"line":27,"column":26},"end":{"line":29,"column":3}}}},"branchMap":{},"s":{"0":3,"1":3,"2":7,"3":1,"4":3,"5":1,"6":1,"7":1,"8":3},"f":{"0":7,"1":1,"2":3,"3":1,"4":1,"5":1},"b":{}}
,"C:\\git\\nlw-1\\server\\src\\repositories\\index.ts": {"path":"C:\\git\\nlw-1\\server\\src\\repositories\\index.ts","statementMap":{"0":{"start":{"line":1,"column":0},"end":{"line":1,"column":9}},"1":{"start":{"line":1,"column":9},"end":{"line":1,"column":52}}},"fnMap":{"0":{"name":"(anonymous_0)","decl":{"start":{"line":1,"column":9},"end":{"line":1,"column":24}},"loc":{"start":{"line":1,"column":9},"end":{"line":1,"column":52}}}},"branchMap":{},"s":{"0":3,"1":10},"f":{"0":7},"b":{}}
,"C:\\git\\nlw-1\\server\\src\\routes\\ItemsRoutes.ts": {"path":"C:\\git\\nlw-1\\server\\src\\routes\\ItemsRoutes.ts","statementMap":{"0":{"start":{"line":1,"column":0},"end":{"line":1,"column":30}},"1":{"start":{"line":2,"column":0},"end":{"line":2,"column":53}},"2":{"start":{"line":4,"column":15},"end":{"line":4,"column":31}},"3":{"start":{"line":6,"column":0},"end":{"line":6,"column":43}},"4":{"start":{"line":7,"column":0},"end":{"line":7,"column":46}},"5":{"start":{"line":8,"column":0},"end":{"line":8,"column":46}},"6":{"start":{"line":9,"column":0},"end":{"line":9,"column":43}},"7":{"start":{"line":10,"column":0},"end":{"line":10,"column":52}},"8":{"start":{"line":12,"column":13},"end":{"line":12,"column":34}}},"fnMap":{},"branchMap":{},"s":{"0":3,"1":3,"2":3,"3":3,"4":3,"5":3,"6":3,"7":3,"8":3},"f":{},"b":{}}
,"C:\\git\\nlw-1\\server\\src\\routes\\PointsRoutes.ts": {"path":"C:\\git\\nlw-1\\server\\src\\routes\\PointsRoutes.ts","statementMap":{"0":{"start":{"line":1,"column":0},"end":{"line":1,"column":30}},"1":{"start":{"line":3,"column":0},"end":{"line":3,"column":28}},"2":{"start":{"line":4,"column":0},"end":{"line":4,"column":42}},"3":{"start":{"line":6,"column":0},"end":{"line":6,"column":54}},"4":{"start":{"line":8,"column":15},"end":{"line":8,"column":31}},"5":{"start":{"line":9,"column":15},"end":{"line":9,"column":35}},"6":{"start":{"line":11,"column":0},"end":{"line":11,"column":44}},"7":{"start":{"line":12,"column":0},"end":{"line":12,"column":47}},"8":{"start":{"line":14,"column":0},"end":{"line":19,"column":2}},"9":{"start":{"line":21,"column":0},"end":{"line":24,"column":24}},"10":{"start":{"line":25,"column":0},"end":{"line":25,"column":53}},"11":{"start":{"line":27,"column":13},"end":{"line":27,"column":35}}},"fnMap":{},"branchMap":{},"s":{"0":3,"1":3,"2":3,"3":3,"4":3,"5":3,"6":3,"7":3,"8":3,"9":3,"10":3,"11":3},"f":{},"b":{}}
,"C:\\git\\nlw-1\\server\\src\\routes\\index.ts": {"path":"C:\\git\\nlw-1\\server\\src\\routes\\index.ts","statementMap":{"0":{"start":{"line":1,"column":0},"end":{"line":1,"column":9}},"1":{"start":{"line":1,"column":9},"end":{"line":1,"column":44}},"2":{"start":{"line":2,"column":0},"end":{"line":2,"column":9}},"3":{"start":{"line":2,"column":9},"end":{"line":2,"column":46}}},"fnMap":{"0":{"name":"(anonymous_0)","decl":{"start":{"line":1,"column":9},"end":{"line":1,"column":20}},"loc":{"start":{"line":1,"column":9},"end":{"line":1,"column":44}}},"1":{"name":"(anonymous_1)","decl":{"start":{"line":2,"column":9},"end":{"line":2,"column":21}},"loc":{"start":{"line":2,"column":9},"end":{"line":2,"column":46}}}},"branchMap":{},"s":{"0":3,"1":6,"2":3,"3":6},"f":{"0":3,"1":3},"b":{}}
}
