{"C:\\git\\nlw-1\\server\\src\\app.ts": {"path":"C:\\git\\nlw-1\\server\\src\\app.ts","statementMap":{"0":{"start":{"line":1,"column":0},"end":{"line":1,"column":26}},"1":{"start":{"line":2,"column":0},"end":{"line":2,"column":30}},"2":{"start":{"line":3,"column":0},"end":{"line":3,"column":24}},"3":{"start":{"line":4,"column":0},"end":{"line":4,"column":24}},"4":{"start":{"line":5,"column":0},"end":{"line":5,"column":35}},"5":{"start":{"line":7,"column":0},"end":{"line":7,"column":42}},"6":{"start":{"line":9,"column":0},"end":{"line":9,"column":53}},"7":{"start":{"line":10,"column":0},"end":{"line":10,"column":55}},"8":{"start":{"line":12,"column":12},"end":{"line":12,"column":21}},"9":{"start":{"line":13,"column":0},"end":{"line":13,"column":16}},"10":{"start":{"line":14,"column":0},"end":{"line":14,"column":24}},"11":{"start":{"line":15,"column":0},"end":{"line":15,"column":18}},"12":{"start":{"line":17,"column":0},"end":{"line":17,"column":34}},"13":{"start":{"line":18,"column":0},"end":{"line":18,"column":35}},"14":{"start":{"line":20,"column":0},"end":{"line":20,"column":78}},"15":{"start":{"line":22,"column":0},"end":{"line":24,"column":3}},"16":{"start":{"line":23,"column":2},"end":{"line":23,"column":32}},"17":{"start":{"line":26,"column":0},"end":{"line":26,"column":19}}},"fnMap":{"0":{"name":"(anonymous_1)","decl":{"start":{"line":22,"column":13},"end":{"line":22,"column":14}},"loc":{"start":{"line":22,"column":26},"end":{"line":24,"column":1}}}},"branchMap":{},"s":{"0":3,"1":3,"2":3,"3":3,"4":3,"5":3,"6":3,"7":3,"8":3,"9":3,"10":3,"11":3,"12":3,"13":3,"14":3,"15":3,"16":1,"17":3},"f":{"0":1},"b":{}}
,"C:\\git\\nlw-1\\server\\src\\config\\multer.ts": {"path":"C:\\git\\nlw-1\\server\\src\\config\\multer.ts","statementMap":{"0":{"start":{"line":1,"column":0},"end":{"line":1,"column":28}},"1":{"start":{"line":2,"column":0},"end":{"line":2,"column":24}},"2":{"start":{"line":3,"column":0},"end":{"line":3,"column":28}},"3":{"start":{"line":5,"column":0},"end":{"line":15,"column":2}},"4":{"start":{"line":9,"column":19},"end":{"line":9,"column":56}},"5":{"start":{"line":10,"column":23},"end":{"line":10,"column":53}},"6":{"start":{"line":12,"column":6},"end":{"line":12,"column":31}}},"fnMap":{"0":{"name":"(anonymous_1)","decl":{"start":{"line":8,"column":14},"end":{"line":8,"column":15}},"loc":{"start":{"line":8,"column":38},"end":{"line":13,"column":5}}}},"branchMap":{},"s":{"0":3,"1":3,"2":3,"3":3,"4":24,"5":24,"6":24},"f":{"0":24},"b":{}}
,"C:\\git\\nlw-1\\server\\src\\controllers\\Items\\index.ts": {"path":"C:\\git\\nlw-1\\server\\src\\controllers\\Items\\index.ts","statementMap":{"0":{"start":{"line":1,"column":0},"end":{"line":1,"column":61}},"1":{"start":{"line":2,"column":0},"end":{"line":2,"column":52}},"2":{"start":{"line":7,"column":19},"end":{"line":7,"column":35}},"3":{"start":{"line":9,"column":4},"end":{"line":9,"column":47}},"4":{"start":{"line":10,"column":4},"end":{"line":10,"column":50}},"5":{"start":{"line":11,"column":4},"end":{"line":11,"column":50}},"6":{"start":{"line":12,"column":4},"end":{"line":12,"column":47}},"7":{"start":{"line":13,"column":4},"end":{"line":13,"column":56}},"8":{"start":{"line":15,"column":4},"end":{"line":15,"column":18}},"9":{"start":{"line":19,"column":18},"end":{"line":19,"column":52}},"10":{"start":{"line":21,"column":28},"end":{"line":26,"column":6}},"11":{"start":{"line":22,"column":6},"end":{"line":24,"column":null}},"12":{"start":{"line":28,"column":4},"end":{"line":28,"column":37}},"13":{"start":{"line":32,"column":15},"end":{"line":32,"column":36}},"14":{"start":{"line":33,"column":17},"end":{"line":33,"column":52}},"15":{"start":{"line":34,"column":4},"end":{"line":34,"column":26}},"16":{"start":{"line":38,"column":17},"end":{"line":38,"column":33}},"17":{"start":{"line":39,"column":19},"end":{"line":39,"column":59}},"18":{"start":{"line":40,"column":23},"end":{"line":40,"column":47}},"19":{"start":{"line":41,"column":4},"end":{"line":41,"column":32}},"20":{"start":{"line":45,"column":17},"end":{"line":45,"column":33}},"21":{"start":{"line":46,"column":4},"end":{"line":46,"column":45}},"22":{"start":{"line":47,"column":4},"end":{"line":47,"column":31}},"23":{"start":{"line":51,"column":15},"end":{"line":51,"column":36}},"24":{"start":{"line":52,"column":4},"end":{"line":52,"column":43}},"25":{"start":{"line":53,"column":4},"end":{"line":53,"column":31}},"26":{"start":{"line":5,"column":0},"end":{"line":5,"column":13}}},"fnMap":{"0":{"name":"(anonymous_1)","decl":{"start":{"line":6,"column":2},"end":{"line":6,"column":8}},"loc":{"start":{"line":6,"column":15},"end":{"line":16,"column":3}}},"1":{"name":"(anonymous_2)","decl":{"start":{"line":18,"column":2},"end":{"line":18,"column":8}},"loc":{"start":{"line":18,"column":48},"end":{"line":29,"column":3}}},"2":{"name":"(anonymous_3)","decl":{"start":{"line":21,"column":38},"end":{"line":21,"column":39}},"loc":{"start":{"line":21,"column":47},"end":{"line":26,"column":5}}},"3":{"name":"(anonymous_4)","decl":{"start":{"line":31,"column":2},"end":{"line":31,"column":8}},"loc":{"start":{"line":31,"column":47},"end":{"line":35,"column":3}}},"4":{"name":"(anonymous_5)","decl":{"start":{"line":37,"column":2},"end":{"line":37,"column":8}},"loc":{"start":{"line":37,"column":50},"end":{"line":42,"column":3}}},"5":{"name":"(anonymous_6)","decl":{"start":{"line":44,"column":2},"end":{"line":44,"column":8}},"loc":{"start":{"line":44,"column":48},"end":{"line":48,"column":3}}},"6":{"name":"(anonymous_7)","decl":{"start":{"line":50,"column":2},"end":{"line":50,"column":8}},"loc":{"start":{"line":50,"column":49},"end":{"line":54,"column":3}}}},"branchMap":{},"s":{"0":3,"1":3,"2":3,"3":3,"4":3,"5":3,"6":3,"7":3,"8":3,"9":1,"10":1,"11":1,"12":1,"13":1,"14":1,"15":1,"16":1,"17":1,"18":1,"19":1,"20":1,"21":1,"22":1,"23":1,"24":1,"25":1,"26":3},"f":{"0":3,"1":1,"2":1,"3":1,"4":1,"5":1,"6":1},"b":{}}
,"C:\\git\\nlw-1\\server\\src\\controllers\\Points\\index.ts": {"path":"C:\\git\\nlw-1\\server\\src\\controllers\\Points\\index.ts","statementMap":{"0":{"start":{"line":1,"column":0},"end":{"line":1,"column":61}},"1":{"start":{"line":2,"column":0},"end":{"line":2,"column":43}},"2":{"start":{"line":3,"column":0},"end":{"line":3,"column":64}},"3":{"start":{"line":4,"column":0},"end":{"line":4,"column":66}},"4":{"start":{"line":8,"column":0},"end":{"line":8,"column":28}},"5":{"start":{"line":9,"column":0},"end":{"line":9,"column":42}},"6":{"start":{"line":11,"column":15},"end":{"line":11,"column":35}},"7":{"start":{"line":15,"column":19},"end":{"line":15,"column":35}},"8":{"start":{"line":17,"column":4},"end":{"line":17,"column":49}},"9":{"start":{"line":18,"column":4},"end":{"line":18,"column":52}},"10":{"start":{"line":20,"column":4},"end":{"line":25,"column":6}},"11":{"start":{"line":27,"column":4},"end":{"line":30,"column":29}},"12":{"start":{"line":31,"column":4},"end":{"line":31,"column":58}},"13":{"start":{"line":33,"column":4},"end":{"line":33,"column":18}},"14":{"start":{"line":37,"column":32},"end":{"line":37,"column":41}},"15":{"start":{"line":39,"column":24},"end":{"line":41,"column":41}},"16":{"start":{"line":41,"column":21},"end":{"line":41,"column":40}},"17":{"start":{"line":43,"column":19},"end":{"line":43,"column":54}},"18":{"start":{"line":45,"column":29},"end":{"line":50,"column":6}},"19":{"start":{"line":46,"column":6},"end":{"line":48,"column":null}},"20":{"start":{"line":52,"column":4},"end":{"line":52,"column":31}},"21":{"start":{"line":56,"column":15},"end":{"line":56,"column":36}},"22":{"start":{"line":57,"column":18},"end":{"line":57,"column":54}},"23":{"start":{"line":59,"column":4},"end":{"line":59,"column":77}},"24":{"start":{"line":59,"column":16},"end":{"line":59,"column":77}},"25":{"start":{"line":61,"column":25},"end":{"line":63,"column":null}},"26":{"start":{"line":66,"column":4},"end":{"line":66,"column":30}},"27":{"start":{"line":70,"column":4},"end":{"line":107,"column":null}},"28":{"start":{"line":71,"column":23},"end":{"line":71,"column":26}},"29":{"start":{"line":72,"column":23},"end":{"line":72,"column":40}},"30":{"start":{"line":73,"column":6},"end":{"line":73,"column":24}},"31":{"start":{"line":75,"column":25},"end":{"line":75,"column":52}},"32":{"start":{"line":76,"column":26},"end":{"line":76,"column":28}},"33":{"start":{"line":78,"column":6},"end":{"line":82,"column":null}},"34":{"start":{"line":79,"column":22},"end":{"line":79,"column":41}},"35":{"start":{"line":80,"column":8},"end":{"line":81,"column":36}},"36":{"start":{"line":81,"column":10},"end":{"line":81,"column":36}},"37":{"start":{"line":84,"column":6},"end":{"line":85,"column":74}},"38":{"start":{"line":85,"column":8},"end":{"line":85,"column":74}},"39":{"start":{"line":87,"column":30},"end":{"line":87,"column":51}},"40":{"start":{"line":88,"column":26},"end":{"line":88,"column":28}},"41":{"start":{"line":90,"column":6},"end":{"line":93,"column":null}},"42":{"start":{"line":91,"column":21},"end":{"line":91,"column":54}},"43":{"start":{"line":92,"column":8},"end":{"line":92,"column":25}},"44":{"start":{"line":95,"column":15},"end":{"line":98,"column":null}},"45":{"start":{"line":101,"column":21},"end":{"line":101,"column":63}},"46":{"start":{"line":103,"column":25},"end":{"line":103,"column":34}},"47":{"start":{"line":104,"column":6},"end":{"line":104,"column":27}},"48":{"start":{"line":106,"column":6},"end":{"line":106,"column":40}},"49":{"start":{"line":111,"column":21},"end":{"line":111,"column":24}},"50":{"start":{"line":112,"column":21},"end":{"line":112,"column":31}},"51":{"start":{"line":113,"column":4},"end":{"line":113,"column":22}},"52":{"start":{"line":115,"column":24},"end":{"line":117,"column":41}},"53":{"start":{"line":117,"column":21},"end":{"line":117,"column":40}},"54":{"start":{"line":119,"column":28},"end":{"line":119,"column":49}},"55":{"start":{"line":120,"column":24},"end":{"line":120,"column":26}},"56":{"start":{"line":122,"column":4},"end":{"line":125,"column":null}},"57":{"start":{"line":123,"column":19},"end":{"line":123,"column":52}},"58":{"start":{"line":124,"column":6},"end":{"line":124,"column":23}},"59":{"start":{"line":127,"column":13},"end":{"line":130,"column":null}},"60":{"start":{"line":133,"column":4},"end":{"line":133,"column":47}},"61":{"start":{"line":135,"column":4},"end":{"line":135,"column":24}},"62":{"start":{"line":139,"column":15},"end":{"line":139,"column":36}},"63":{"start":{"line":140,"column":4},"end":{"line":140,"column":44}},"64":{"start":{"line":142,"column":4},"end":{"line":142,"column":24}},"65":{"start":{"line":146,"column":4},"end":{"line":198,"column":6}},"66":{"start":{"line":202,"column":4},"end":{"line":259,"column":6}},"67":{"start":{"line":13,"column":0},"end":{"line":13,"column":13}}},"fnMap":{"0":{"name":"(anonymous_1)","decl":{"start":{"line":14,"column":2},"end":{"line":14,"column":8}},"loc":{"start":{"line":14,"column":15},"end":{"line":34,"column":3}}},"1":{"name":"(anonymous_2)","decl":{"start":{"line":36,"column":2},"end":{"line":36,"column":8}},"loc":{"start":{"line":36,"column":48},"end":{"line":53,"column":3}}},"2":{"name":"(anonymous_3)","decl":{"start":{"line":41,"column":11},"end":{"line":41,"column":12}},"loc":{"start":{"line":41,"column":21},"end":{"line":41,"column":40}}},"3":{"name":"(anonymous_4)","decl":{"start":{"line":45,"column":40},"end":{"line":45,"column":41}},"loc":{"start":{"line":45,"column":50},"end":{"line":50,"column":5}}},"4":{"name":"(anonymous_5)","decl":{"start":{"line":55,"column":2},"end":{"line":55,"column":8}},"loc":{"start":{"line":55,"column":37},"end":{"line":67,"column":3}}},"5":{"name":"(anonymous_6)","decl":{"start":{"line":69,"column":2},"end":{"line":69,"column":8}},"loc":{"start":{"line":69,"column":50},"end":{"line":108,"column":3}}},"6":{"name":"(anonymous_7)","decl":{"start":{"line":110,"column":2},"end":{"line":110,"column":8}},"loc":{"start":{"line":110,"column":48},"end":{"line":136,"column":3}}},"7":{"name":"(anonymous_8)","decl":{"start":{"line":117,"column":11},"end":{"line":117,"column":12}},"loc":{"start":{"line":117,"column":21},"end":{"line":117,"column":40}}},"8":{"name":"(anonymous_9)","decl":{"start":{"line":138,"column":2},"end":{"line":138,"column":8}},"loc":{"start":{"line":138,"column":50},"end":{"line":143,"column":3}}},"9":{"name":"(anonymous_10)","decl":{"start":{"line":145,"column":2},"end":{"line":145,"column":8}},"loc":{"start":{"line":145,"column":26},"end":{"line":199,"column":3}}},"10":{"name":"(anonymous_11)","decl":{"start":{"line":201,"column":2},"end":{"line":201,"column":8}},"loc":{"start":{"line":201,"column":24},"end":{"line":260,"column":3}}}},"branchMap":{"0":{"loc":{"start":{"line":59,"column":4},"end":{"line":59,"column":77}},"type":"if","locations":[{"start":{"line":59,"column":4},"end":{"line":59,"column":77}},{"start":{"line":59,"column":4},"end":{"line":59,"column":77}}]},"1":{"loc":{"start":{"line":80,"column":8},"end":{"line":81,"column":36}},"type":"if","locations":[{"start":{"line":80,"column":8},"end":{"line":81,"column":36}},{"start":{"line":80,"column":8},"end":{"line":81,"column":36}}]},"2":{"loc":{"start":{"line":80,"column":12},"end":{"line":80,"column":32}},"type":"binary-expr","locations":[{"start":{"line":80,"column":12},"end":{"line":80,"column":32}},{"start":{"line":80,"column":36},"end":{"line":80,"column":54}}]},"3":{"loc":{"start":{"line":84,"column":6},"end":{"line":85,"column":74}},"type":"if","locations":[{"start":{"line":84,"column":6},"end":{"line":85,"column":74}},{"start":{"line":84,"column":6},"end":{"line":85,"column":74}}]}},"s":{"0":3,"1":3,"2":3,"3":3,"4":3,"5":3,"6":3,"7":3,"8":3,"9":3,"10":3,"11":3,"12":3,"13":3,"14":1,"15":1,"16":3,"17":1,"18":1,"19":1,"20":1,"21":3,"22":3,"23":3,"24":1,"25":2,"26":2,"27":2,"28":2,"29":2,"30":2,"31":2,"32":2,"33":2,"34":4,"35":4,"36":3,"37":2,"38":1,"39":1,"40":1,"41":1,"42":3,"43":3,"44":1,"45":1,"46":1,"47":1,"48":1,"49":1,"50":1,"51":1,"52":1,"53":3,"54":1,"55":1,"56":1,"57":3,"58":3,"59":1,"60":1,"61":1,"62":1,"63":1,"64":1,"65":3,"66":3,"67":3},"f":{"0":3,"1":1,"2":3,"3":1,"4":3,"5":2,"6":1,"7":3,"8":1,"9":3,"10":3},"b":{"0":[1,2],"1":[3,1],"2":[4,4],"3":[1,1]}}
,"C:\\git\\nlw-1\\server\\src\\database\\connection.ts": {"path":"C:\\git\\nlw-1\\server\\src\\database\\connection.ts","statementMap":{"0":{"start":{"line":1,"column":0},"end":{"line":1,"column":58}},"1":{"start":{"line":3,"column":19},"end":{"line":18,"column":2}},"2":{"start":{"line":5,"column":4},"end":{"line":12,"column":7}},"3":{"start":{"line":16,"column":4},"end":{"line":16,"column":34}},"4":{"start":{"line":19,"column":0},"end":{"line":19,"column":26}}},"fnMap":{"0":{"name":"(anonymous_0)","decl":{"start":{"line":4,"column":2},"end":{"line":4,"column":7}},"loc":{"start":{"line":4,"column":14},"end":{"line":13,"column":3}}},"1":{"name":"(anonymous_1)","decl":{"start":{"line":15,"column":2},"end":{"line":15,"column":7}},"loc":{"start":{"line":15,"column":13},"end":{"line":17,"column":3}}}},"branchMap":{},"s":{"0":2,"1":2,"2":2,"3":2,"4":2},"f":{"0":2,"1":2},"b":{}}
,"C:\\git\\nlw-1\\server\\src\\database\\seeds\\ItemsSeed.ts": {"path":"C:\\git\\nlw-1\\server\\src\\database\\seeds\\ItemsSeed.ts","statementMap":{"0":{"start":{"line":1,"column":13},"end":{"line":26,"column":null}}},"fnMap":{},"branchMap":{},"s":{"0":1},"f":{},"b":{}}
,"C:\\git\\nlw-1\\server\\src\\entities\\Item.ts": {"path":"C:\\git\\nlw-1\\server\\src\\entities\\Item.ts","statementMap":{"0":{"start":{"line":1,"column":0},"end":{"line":1,"column":65}},"1":{"start":{"line":4,"column":0},"end":{"line":13,"column":null}},"2":{"start":{"line":6,"column":4},"end":{"line":6,"column":null}},"3":{"start":{"line":9,"column":4},"end":{"line":9,"column":null}},"4":{"start":{"line":12,"column":4},"end":{"line":12,"column":null}},"5":{"start":{"line":4,"column":13},"end":{"line":13,"column":null}},"6":{"start":{"line":4,"column":13},"end":{"line":4,"column":17}}},"fnMap":{},"branchMap":{},"s":{"0":3,"1":3,"2":3,"3":3,"4":3,"5":3,"6":3},"f":{},"b":{}}
,"C:\\git\\nlw-1\\server\\src\\entities\\Point.ts": {"path":"C:\\git\\nlw-1\\server\\src\\entities\\Point.ts","statementMap":{"0":{"start":{"line":1,"column":0},"end":{"line":1,"column":88}},"1":{"start":{"line":2,"column":0},"end":{"line":2,"column":30}},"2":{"start":{"line":5,"column":0},"end":{"line":38,"column":null}},"3":{"start":{"line":7,"column":4},"end":{"line":7,"column":null}},"4":{"start":{"line":10,"column":4},"end":{"line":10,"column":null}},"5":{"start":{"line":13,"column":4},"end":{"line":13,"column":null}},"6":{"start":{"line":16,"column":4},"end":{"line":16,"column":null}},"7":{"start":{"line":19,"column":4},"end":{"line":19,"column":null}},"8":{"start":{"line":22,"column":4},"end":{"line":22,"column":null}},"9":{"start":{"line":25,"column":4},"end":{"line":25,"column":null}},"10":{"start":{"line":28,"column":4},"end":{"line":28,"column":null}},"11":{"start":{"line":31,"column":4},"end":{"line":31,"column":null}},"12":{"start":{"line":37,"column":4},"end":{"line":37,"column":null}},"13":{"start":{"line":33,"column":24},"end":{"line":33,"column":28}},"14":{"start":{"line":5,"column":13},"end":{"line":38,"column":null}},"15":{"start":{"line":5,"column":13},"end":{"line":5,"column":18}}},"fnMap":{"0":{"name":"(anonymous_2)","decl":{"start":{"line":33,"column":16},"end":{"line":33,"column":20}},"loc":{"start":{"line":33,"column":24},"end":{"line":33,"column":28}}}},"branchMap":{},"s":{"0":3,"1":3,"2":3,"3":3,"4":3,"5":3,"6":3,"7":3,"8":3,"9":3,"10":3,"11":3,"12":3,"13":2,"14":3,"15":3},"f":{"0":2},"b":{}}
,"C:\\git\\nlw-1\\server\\src\\repositories\\ItemsRepository.ts": {"path":"C:\\git\\nlw-1\\server\\src\\repositories\\ItemsRepository.ts","statementMap":{"0":{"start":{"line":1,"column":0},"end":{"line":1,"column":38}},"1":{"start":{"line":2,"column":0},"end":{"line":2,"column":37}},"2":{"start":{"line":5,"column":2},"end":{"line":5,"column":48}},"3":{"start":{"line":8,"column":4},"end":{"line":8,"column":40}},"4":{"start":{"line":12,"column":4},"end":{"line":12,"column":45}},"5":{"start":{"line":16,"column":4},"end":{"line":16,"column":40}},"6":{"start":{"line":20,"column":4},"end":{"line":20,"column":55}},"7":{"start":{"line":24,"column":4},"end":{"line":24,"column":44}},"8":{"start":{"line":4,"column":0},"end":{"line":4,"column":13}}},"fnMap":{"0":{"name":"(anonymous_0)","decl":{"start":{"line":4,"column":0},"end":{"line":4,"column":13}},"loc":{"start":{"line":4,"column":0},"end":{"line":26,"column":1}}},"1":{"name":"(anonymous_1)","decl":{"start":{"line":7,"column":2},"end":{"line":7,"column":7}},"loc":{"start":{"line":7,"column":12},"end":{"line":9,"column":3}}},"2":{"name":"(anonymous_2)","decl":{"start":{"line":11,"column":2},"end":{"line":11,"column":7}},"loc":{"start":{"line":11,"column":23},"end":{"line":13,"column":3}}},"3":{"name":"(anonymous_3)","decl":{"start":{"line":15,"column":2},"end":{"line":15,"column":7}},"loc":{"start":{"line":15,"column":26},"end":{"line":17,"column":3}}},"4":{"name":"(anonymous_4)","decl":{"start":{"line":19,"column":2},"end":{"line":19,"column":7}},"loc":{"start":{"line":19,"column":26},"end":{"line":21,"column":3}}},"5":{"name":"(anonymous_5)","decl":{"start":{"line":23,"column":2},"end":{"line":23,"column":7}},"loc":{"start":{"line":23,"column":26},"end":{"line":25,"column":3}}}},"branchMap":{},"s":{"0":3,"1":3,"2":7,"3":1,"4":7,"5":1,"6":1,"7":1,"8":3},"f":{"0":7,"1":1,"2":7,"3":1,"4":1,"5":1},"b":{}}
,"C:\\git\\nlw-1\\server\\src\\repositories\\PointsRepository.ts": {"path":"C:\\git\\nlw-1\\server\\src\\repositories\\PointsRepository.ts","statementMap":{"0":{"start":{"line":1,"column":0},"end":{"line":1,"column":40}},"1":{"start":{"line":2,"column":0},"end":{"line":2,"column":37}},"2":{"start":{"line":5,"column":2},"end":{"line":5,"column":49}},"3":{"start":{"line":8,"column":4},"end":{"line":8,"column":40}},"4":{"start":{"line":12,"column":4},"end":{"line":16,"column":16}},"5":{"start":{"line":20,"column":4},"end":{"line":20,"column":45}},"6":{"start":{"line":24,"column":4},"end":{"line":24,"column":45}},"7":{"start":{"line":28,"column":4},"end":{"line":28,"column":44}},"8":{"start":{"line":4,"column":0},"end":{"line":4,"column":13}}},"fnMap":{"0":{"name":"(anonymous_0)","decl":{"start":{"line":4,"column":0},"end":{"line":4,"column":13}},"loc":{"start":{"line":4,"column":0},"end":{"line":30,"column":1}}},"1":{"name":"(anonymous_1)","decl":{"start":{"line":7,"column":2},"end":{"line":7,"column":7}},"loc":{"start":{"line":7,"column":12},"end":{"line":9,"column":3}}},"2":{"name":"(anonymous_2)","decl":{"start":{"line":11,"column":2},"end":{"line":11,"column":7}},"loc":{"start":{"line":11,"column":23},"end":{"line":17,"column":3}}},"3":{"name":"(anonymous_3)","decl":{"start":{"line":19,"column":2},"end":{"line":19,"column":7}},"loc":{"start":{"line":19,"column":28},"end":{"line":21,"column":3}}},"4":{"name":"(anonymous_4)","decl":{"start":{"line":23,"column":2},"end":{"line":23,"column":7}},"loc":{"start":{"line":23,"column":28},"end":{"line":25,"column":3}}},"5":{"name":"(anonymous_5)","decl":{"start":{"line":27,"column":2},"end":{"line":27,"column":7}},"loc":{"start":{"line":27,"column":26},"end":{"line":29,"column":3}}}},"branchMap":{},"s":{"0":3,"1":3,"2":7,"3":1,"4":3,"5":1,"6":1,"7":1,"8":3},"f":{"0":7,"1":1,"2":3,"3":1,"4":1,"5":1},"b":{}}
,"C:\\git\\nlw-1\\server\\src\\repositories\\index.ts": {"path":"C:\\git\\nlw-1\\server\\src\\repositories\\index.ts","statementMap":{"0":{"start":{"line":1,"column":0},"end":{"line":1,"column":9}},"1":{"start":{"line":1,"column":9},"end":{"line":1,"column":52}}},"fnMap":{"0":{"name":"(anonymous_0)","decl":{"start":{"line":1,"column":9},"end":{"line":1,"column":24}},"loc":{"start":{"line":1,"column":9},"end":{"line":1,"column":52}}}},"branchMap":{},"s":{"0":3,"1":8},"f":{"0":5},"b":{}}
}
