TN:
SF:src\app.ts
FN:22,(anonymous_1)
FNF:1
FNH:1
FNDA:1,(anonymous_1)
DA:1,3
DA:2,3
DA:3,3
DA:4,3
DA:5,3
DA:7,3
DA:9,3
DA:10,3
DA:12,3
DA:13,3
DA:14,3
DA:15,3
DA:17,3
DA:18,3
DA:20,3
DA:22,3
DA:23,1
DA:26,3
LF:18
LH:18
BRF:0
BRH:0
end_of_record
TN:
SF:src\config\multer.ts
FN:8,(anonymous_1)
FNF:1
FNH:1
FNDA:24,(anonymous_1)
DA:1,3
DA:2,3
DA:3,3
DA:5,3
DA:9,24
DA:10,24
DA:12,24
LF:7
LH:7
BRF:0
BRH:0
end_of_record
TN:
SF:src\controllers\Items\index.ts
FN:6,(anonymous_1)
FN:18,(anonymous_2)
FN:21,(anonymous_3)
FN:31,(anonymous_4)
FN:37,(anonymous_5)
FN:44,(anonymous_6)
FN:50,(anonymous_7)
FNF:7
FNH:7
FNDA:3,(anonymous_1)
FNDA:1,(anonymous_2)
FNDA:1,(anonymous_3)
FNDA:1,(anonymous_4)
FNDA:1,(anonymous_5)
FNDA:1,(anonymous_6)
FNDA:1,(anonymous_7)
DA:1,3
DA:2,3
DA:5,3
DA:7,3
DA:9,3
DA:10,3
DA:11,3
DA:12,3
DA:13,3
DA:15,3
DA:19,1
DA:21,1
DA:22,1
DA:28,1
DA:32,1
DA:33,1
DA:34,1
DA:38,1
DA:39,1
DA:40,1
DA:41,1
DA:45,1
DA:46,1
DA:47,1
DA:51,1
DA:52,1
DA:53,1
LF:27
LH:27
BRF:0
BRH:0
end_of_record
TN:
SF:src\controllers\Points\index.ts
FN:14,(anonymous_1)
FN:36,(anonymous_2)
FN:41,(anonymous_3)
FN:45,(anonymous_4)
FN:55,(anonymous_5)
FN:69,(anonymous_6)
FN:110,(anonymous_7)
FN:117,(anonymous_8)
FN:138,(anonymous_9)
FN:145,(anonymous_10)
FN:201,(anonymous_11)
FNF:11
FNH:11
FNDA:3,(anonymous_1)
FNDA:1,(anonymous_2)
FNDA:3,(anonymous_3)
FNDA:1,(anonymous_4)
FNDA:3,(anonymous_5)
FNDA:2,(anonymous_6)
FNDA:1,(anonymous_7)
FNDA:3,(anonymous_8)
FNDA:1,(anonymous_9)
FNDA:3,(anonymous_10)
FNDA:3,(anonymous_11)
DA:1,3
DA:2,3
DA:3,3
DA:4,3
DA:8,3
DA:9,3
DA:11,3
DA:13,3
DA:15,3
DA:17,3
DA:18,3
DA:20,3
DA:27,3
DA:31,3
DA:33,3
DA:37,1
DA:39,1
DA:41,3
DA:43,1
DA:45,1
DA:46,1
DA:52,1
DA:56,3
DA:57,3
DA:59,3
DA:61,2
DA:66,2
DA:70,2
DA:71,2
DA:72,2
DA:73,2
DA:75,2
DA:76,2
DA:78,2
DA:79,4
DA:80,4
DA:81,3
DA:84,2
DA:85,1
DA:87,1
DA:88,1
DA:90,1
DA:91,3
DA:92,3
DA:95,1
DA:101,1
DA:103,1
DA:104,1
DA:106,1
DA:111,1
DA:112,1
DA:113,1
DA:115,1
DA:117,3
DA:119,1
DA:120,1
DA:122,1
DA:123,3
DA:124,3
DA:127,1
DA:133,1
DA:135,1
DA:139,1
DA:140,1
DA:142,1
DA:146,3
DA:202,3
LF:67
LH:67
BRDA:59,0,0,1
BRDA:59,0,1,2
BRDA:80,1,0,3
BRDA:80,1,1,1
BRDA:80,2,0,4
BRDA:80,2,1,4
BRDA:84,3,0,1
BRDA:84,3,1,1
BRF:8
BRH:8
end_of_record
TN:
SF:src\database\connection.ts
FN:4,(anonymous_0)
FN:15,(anonymous_1)
FNF:2
FNH:2
FNDA:2,(anonymous_0)
FNDA:2,(anonymous_1)
DA:1,2
DA:3,2
DA:5,2
DA:16,2
DA:19,2
LF:5
LH:5
BRF:0
BRH:0
end_of_record
TN:
SF:src\database\seeds\ItemsSeed.ts
FNF:0
FNH:0
DA:1,1
LF:1
LH:1
BRF:0
BRH:0
end_of_record
TN:
SF:src\entities\Item.ts
FNF:0
FNH:0
DA:1,3
DA:4,3
DA:6,3
DA:9,3
DA:12,3
LF:5
LH:5
BRF:0
BRH:0
end_of_record
TN:
SF:src\entities\Point.ts
FN:33,(anonymous_2)
FNF:1
FNH:1
FNDA:2,(anonymous_2)
DA:1,3
DA:2,3
DA:5,3
DA:7,3
DA:10,3
DA:13,3
DA:16,3
DA:19,3
DA:22,3
DA:25,3
DA:28,3
DA:31,3
DA:33,2
DA:37,3
LF:14
LH:14
BRF:0
BRH:0
end_of_record
TN:
SF:src\repositories\ItemsRepository.ts
FN:4,(anonymous_0)
FN:7,(anonymous_1)
FN:11,(anonymous_2)
FN:15,(anonymous_3)
FN:19,(anonymous_4)
FN:23,(anonymous_5)
FNF:6
FNH:6
FNDA:7,(anonymous_0)
FNDA:1,(anonymous_1)
FNDA:7,(anonymous_2)
FNDA:1,(anonymous_3)
FNDA:1,(anonymous_4)
FNDA:1,(anonymous_5)
DA:1,3
DA:2,3
DA:4,3
DA:5,7
DA:8,1
DA:12,7
DA:16,1
DA:20,1
DA:24,1
LF:9
LH:9
BRF:0
BRH:0
end_of_record
TN:
SF:src\repositories\PointsRepository.ts
FN:4,(anonymous_0)
FN:7,(anonymous_1)
FN:11,(anonymous_2)
FN:19,(anonymous_3)
FN:23,(anonymous_4)
FN:27,(anonymous_5)
FNF:6
FNH:6
FNDA:7,(anonymous_0)
FNDA:1,(anonymous_1)
FNDA:3,(anonymous_2)
FNDA:1,(anonymous_3)
FNDA:1,(anonymous_4)
FNDA:1,(anonymous_5)
DA:1,3
DA:2,3
DA:4,3
DA:5,7
DA:8,1
DA:12,3
DA:20,1
DA:24,1
DA:28,1
LF:9
LH:9
BRF:0
BRH:0
end_of_record
TN:
SF:src\repositories\index.ts
FN:1,(anonymous_0)
FNF:1
FNH:1
FNDA:5,(anonymous_0)
DA:1,8
LF:1
LH:1
BRF:0
BRH:0
end_of_record
